INFO: [VRFC 10-2263] Analyzing Verilog file "/home/jzmoolman/src/_-github/vivado-risc-v/workspace/axi_ram/axi_ram.v" into library xil_defaultlib
INFO: [VRFC 10-311] analyzing module axi_ram
INFO: [VRFC 10-2263] Analyzing Verilog file "/home/jzmoolman/src/_-github/vivado-risc-v/workspace/tb/rocket_wrapper.v" into library xil_defaultlib
INFO: [VRFC 10-311] analyzing module rocket_wrapper
INFO: [VRFC 10-2263] Analyzing Verilog file "/home/jzmoolman/src/_-github/vivado-risc-v/workspace/rocket64x1/system-genesys2.v" into library xil_defaultlib
INFO: [VRFC 10-311] analyzing module IntXbar
INFO: [VRFC 10-311] analyzing module NonSyncResetSynchronizerPrimitiveShiftReg_d3
INFO: [VRFC 10-311] analyzing module SynchronizerShiftReg_w8_d3
INFO: [VRFC 10-311] analyzing module IntSyncAsyncCrossingSink
INFO: [VRFC 10-311] analyzing module SimpleClockGroupSource
INFO: [VRFC 10-311] analyzing module FixedClockBroadcast
INFO: [VRFC 10-311] analyzing module TLXbar
INFO: [VRFC 10-311] analyzing module TLFIFOFixer
INFO: [VRFC 10-311] analyzing module Queue
INFO: [VRFC 10-311] analyzing module Queue_1
INFO: [VRFC 10-311] analyzing module Queue_2
INFO: [VRFC 10-311] analyzing module Queue_4
INFO: [VRFC 10-311] analyzing module AXI4Buffer
INFO: [VRFC 10-311] analyzing module Queue_5
INFO: [VRFC 10-311] analyzing module Queue_7
INFO: [VRFC 10-311] analyzing module AXI4UserYanker
INFO: [VRFC 10-311] analyzing module Queue_21
INFO: [VRFC 10-311] analyzing module AXI4Deinterleaver
INFO: [VRFC 10-311] analyzing module AXI4IdIndexer
INFO: [VRFC 10-311] analyzing module Queue_29
INFO: [VRFC 10-311] analyzing module Queue_30
INFO: [VRFC 10-311] analyzing module TLToAXI4
INFO: [VRFC 10-311] analyzing module Repeater
INFO: [VRFC 10-311] analyzing module TLWidthWidget_3
INFO: [VRFC 10-311] analyzing module TLInterconnectCoupler_4
INFO: [VRFC 10-311] analyzing module SystemBus
INFO: [VRFC 10-311] analyzing module PeripheryBus
INFO: [VRFC 10-311] analyzing module TLXbar_3
INFO: [VRFC 10-311] analyzing module Queue_31
INFO: [VRFC 10-311] analyzing module Queue_32
INFO: [VRFC 10-311] analyzing module TLBuffer_2
INFO: [VRFC 10-311] analyzing module Repeater_1
INFO: [VRFC 10-311] analyzing module TLWidthWidget_4
INFO: [VRFC 10-311] analyzing module TLInterconnectCoupler_5
INFO: [VRFC 10-311] analyzing module Queue_33
INFO: [VRFC 10-311] analyzing module Queue_34
INFO: [VRFC 10-311] analyzing module TLBuffer_3
INFO: [VRFC 10-311] analyzing module TLFIFOFixer_2
INFO: [VRFC 10-311] analyzing module Repeater_2
INFO: [VRFC 10-311] analyzing module TLWidthWidget_5
INFO: [VRFC 10-311] analyzing module Queue_35
INFO: [VRFC 10-311] analyzing module Queue_36
INFO: [VRFC 10-311] analyzing module AXI4ToTL
INFO: [VRFC 10-311] analyzing module Queue_37
INFO: [VRFC 10-311] analyzing module AXI4UserYanker_1
INFO: [VRFC 10-311] analyzing module Queue_41
INFO: [VRFC 10-311] analyzing module Queue_43
INFO: [VRFC 10-311] analyzing module AXI4Fragmenter
INFO: [VRFC 10-311] analyzing module AXI4IdIndexer_1
INFO: [VRFC 10-311] analyzing module TLInterconnectCoupler_6
INFO: [VRFC 10-311] analyzing module FrontBus
INFO: [VRFC 10-311] analyzing module FixedClockBroadcast_3
INFO: [VRFC 10-311] analyzing module TLFIFOFixer_3
INFO: [VRFC 10-311] analyzing module TLXbar_5
INFO: [VRFC 10-311] analyzing module Queue_44
INFO: [VRFC 10-311] analyzing module Queue_45
INFO: [VRFC 10-311] analyzing module TLBuffer_4
INFO: [VRFC 10-311] analyzing module TLAtomicAutomata_1
INFO: [VRFC 10-311] analyzing module Queue_46
INFO: [VRFC 10-311] analyzing module TLError
INFO: [VRFC 10-311] analyzing module Queue_47
INFO: [VRFC 10-311] analyzing module TLBuffer_5
INFO: [VRFC 10-311] analyzing module ErrorDeviceWrapper
INFO: [VRFC 10-311] analyzing module Queue_49
INFO: [VRFC 10-311] analyzing module Queue_50
INFO: [VRFC 10-311] analyzing module TLBuffer_6
INFO: [VRFC 10-311] analyzing module Repeater_3
INFO: [VRFC 10-311] analyzing module TLFragmenter
INFO: [VRFC 10-311] analyzing module TLInterconnectCoupler_7
INFO: [VRFC 10-311] analyzing module Repeater_4
INFO: [VRFC 10-311] analyzing module TLFragmenter_1
INFO: [VRFC 10-311] analyzing module TLInterconnectCoupler_9
INFO: [VRFC 10-311] analyzing module TLInterconnectCoupler_10
INFO: [VRFC 10-311] analyzing module Repeater_6
INFO: [VRFC 10-311] analyzing module TLFragmenter_3
INFO: [VRFC 10-311] analyzing module TLInterconnectCoupler_12
INFO: [VRFC 10-311] analyzing module Repeater_7
INFO: [VRFC 10-311] analyzing module TLFragmenter_4
INFO: [VRFC 10-311] analyzing module TLInterconnectCoupler_13
INFO: [VRFC 10-311] analyzing module PeripheryBus_1
INFO: [VRFC 10-311] analyzing module TLFIFOFixer_4
INFO: [VRFC 10-311] analyzing module ProbePicker
INFO: [VRFC 10-311] analyzing module Queue_51
INFO: [VRFC 10-311] analyzing module AXI4UserYanker_2
INFO: [VRFC 10-311] analyzing module AXI4IdIndexer_2
INFO: [VRFC 10-311] analyzing module Queue_72
INFO: [VRFC 10-311] analyzing module TLToAXI4_1
INFO: [VRFC 10-311] analyzing module TLInterconnectCoupler_14
INFO: [VRFC 10-311] analyzing module MemoryBus
INFO: [VRFC 10-311] analyzing module Queue_73
INFO: [VRFC 10-311] analyzing module Queue_74
INFO: [VRFC 10-311] analyzing module SourceA
INFO: [VRFC 10-311] analyzing module SourceB
INFO: [VRFC 10-311] analyzing module Queue_75
INFO: [VRFC 10-311] analyzing module SourceC
INFO: [VRFC 10-311] analyzing module Queue_76
INFO: [VRFC 10-311] analyzing module Atomics
INFO: [VRFC 10-311] analyzing module SourceD
INFO: [VRFC 10-311] analyzing module Queue_77
INFO: [VRFC 10-311] analyzing module SourceE
INFO: [VRFC 10-311] analyzing module Queue_78
INFO: [VRFC 10-311] analyzing module SourceX
INFO: [VRFC 10-311] analyzing module ListBuffer
INFO: [VRFC 10-311] analyzing module SinkA
INFO: [VRFC 10-311] analyzing module Queue_79
INFO: [VRFC 10-311] analyzing module Queue_80
INFO: [VRFC 10-311] analyzing module ListBuffer_1
INFO: [VRFC 10-311] analyzing module SinkC
INFO: [VRFC 10-311] analyzing module Queue_81
INFO: [VRFC 10-311] analyzing module SinkD
INFO: [VRFC 10-311] analyzing module SinkE
INFO: [VRFC 10-311] analyzing module Queue_82
INFO: [VRFC 10-311] analyzing module SinkX
INFO: [VRFC 10-311] analyzing module Queue_83
INFO: [VRFC 10-311] analyzing module MaxPeriodFibonacciLFSR
INFO: [VRFC 10-311] analyzing module Directory
INFO: [VRFC 10-311] analyzing module BankedStore
INFO: [VRFC 10-311] analyzing module ListBuffer_2
INFO: [VRFC 10-311] analyzing module MSHR
INFO: [VRFC 10-311] analyzing module InclusiveCacheBankScheduler
INFO: [VRFC 10-311] analyzing module InclusiveCache
INFO: [VRFC 10-311] analyzing module Queue_84
INFO: [VRFC 10-311] analyzing module Queue_85
INFO: [VRFC 10-311] analyzing module TLBuffer_9
INFO: [VRFC 10-311] analyzing module IDPool
INFO: [VRFC 10-311] analyzing module TLCacheCork
INFO: [VRFC 10-311] analyzing module CoherenceManagerWrapper
INFO: [VRFC 10-311] analyzing module TLXbar_8
INFO: [VRFC 10-311] analyzing module IntXbar_1
INFO: [VRFC 10-311] analyzing module BoomWritebackUnit
INFO: [VRFC 10-311] analyzing module BoomProbeUnit
INFO: [VRFC 10-311] analyzing module Arbiter
INFO: [VRFC 10-311] analyzing module Arbiter_1
INFO: [VRFC 10-311] analyzing module Arbiter_2
INFO: [VRFC 10-311] analyzing module Arbiter_3
INFO: [VRFC 10-311] analyzing module Arbiter_4
INFO: [VRFC 10-311] analyzing module Arbiter_5
INFO: [VRFC 10-311] analyzing module Arbiter_6
INFO: [VRFC 10-311] analyzing module Arbiter_7
INFO: [VRFC 10-311] analyzing module BranchKillableQueue
INFO: [VRFC 10-311] analyzing module BoomMSHR
INFO: [VRFC 10-311] analyzing module Arbiter_8
INFO: [VRFC 10-311] analyzing module BoomIOMSHR
INFO: [VRFC 10-311] analyzing module BranchKillableQueue_2
INFO: [VRFC 10-311] analyzing module BoomMSHRFile
INFO: [VRFC 10-311] analyzing module L1MetadataArray
INFO: [VRFC 10-311] analyzing module Arbiter_10
INFO: [VRFC 10-311] analyzing module BoomDuplicatedDataArray
INFO: [VRFC 10-311] analyzing module Arbiter_12
INFO: [VRFC 10-311] analyzing module Arbiter_14
INFO: [VRFC 10-311] analyzing module AMOALU
INFO: [VRFC 10-311] analyzing module BoomNonBlockingDCache
INFO: [VRFC 10-311] analyzing module ICache
INFO: [VRFC 10-311] analyzing module LoopBranchPredictorColumn
INFO: [VRFC 10-311] analyzing module LoopBranchPredictorBank
INFO: [VRFC 10-311] analyzing module TageTable
INFO: [VRFC 10-311] analyzing module TageTable_1
INFO: [VRFC 10-311] analyzing module TageTable_2
INFO: [VRFC 10-311] analyzing module TageTable_3
INFO: [VRFC 10-311] analyzing module TageTable_4
INFO: [VRFC 10-311] analyzing module TageTable_5
INFO: [VRFC 10-311] analyzing module MaxPeriodFibonacciLFSR_3
INFO: [VRFC 10-311] analyzing module TageBranchPredictorBank
INFO: [VRFC 10-311] analyzing module BTBBranchPredictorBank
INFO: [VRFC 10-311] analyzing module BIMBranchPredictorBank
INFO: [VRFC 10-311] analyzing module FAMicroBTBBranchPredictorBank
INFO: [VRFC 10-311] analyzing module ComposedBranchPredictorBank
INFO: [VRFC 10-311] analyzing module BranchPredictor
INFO: [VRFC 10-311] analyzing module BoomRAS
INFO: [VRFC 10-311] analyzing module OptimizationBarrier
INFO: [VRFC 10-311] analyzing module PMPChecker
INFO: [VRFC 10-311] analyzing module TLB
INFO: [VRFC 10-311] analyzing module Queue_88
INFO: [VRFC 10-311] analyzing module Queue_89
INFO: [VRFC 10-311] analyzing module RVCExpander
INFO: [VRFC 10-311] analyzing module BranchDecode
INFO: [VRFC 10-311] analyzing module Queue_90
INFO: [VRFC 10-311] analyzing module Queue_91
INFO: [VRFC 10-311] analyzing module FetchBuffer
INFO: [VRFC 10-311] analyzing module FetchTargetQueue
INFO: [VRFC 10-311] analyzing module Arbiter_15
INFO: [VRFC 10-311] analyzing module BoomFrontend
INFO: [VRFC 10-311] analyzing module MemAddrCalcUnit
INFO: [VRFC 10-311] analyzing module ALUExeUnit
INFO: [VRFC 10-311] analyzing module ALU
INFO: [VRFC 10-311] analyzing module ALUUnit
INFO: [VRFC 10-311] analyzing module PipelinedMultiplier
INFO: [VRFC 10-311] analyzing module PipelinedMulUnit
INFO: [VRFC 10-311] analyzing module UOPCodeFPUDecoder
INFO: [VRFC 10-311] analyzing module RoundAnyRawFNToRecFN
INFO: [VRFC 10-311] analyzing module INToRecFN
INFO: [VRFC 10-311] analyzing module RoundAnyRawFNToRecFN_1
INFO: [VRFC 10-311] analyzing module INToRecFN_1
INFO: [VRFC 10-311] analyzing module IntToFP
INFO: [VRFC 10-311] analyzing module IntToFPUnit
INFO: [VRFC 10-311] analyzing module BranchKillableQueue_3
INFO: [VRFC 10-311] analyzing module ALUExeUnit_1
INFO: [VRFC 10-311] analyzing module ALUUnit_1
INFO: [VRFC 10-311] analyzing module MulDiv
INFO: [VRFC 10-311] analyzing module DivUnit
INFO: [VRFC 10-311] analyzing module ALUExeUnit_2
INFO: [VRFC 10-311] analyzing module MulAddRecFNToRaw_preMul
INFO: [VRFC 10-311] analyzing module MulAddRecFNToRaw_postMul
INFO: [VRFC 10-311] analyzing module RoundAnyRawFNToRecFN_2
INFO: [VRFC 10-311] analyzing module RoundRawFNToRecFN
INFO: [VRFC 10-311] analyzing module MulAddRecFNPipe
INFO: [VRFC 10-311] analyzing module FPUFMAPipe
INFO: [VRFC 10-311] analyzing module FMADecoder
INFO: [VRFC 10-311] analyzing module MulAddRecFNToRaw_preMul_1
INFO: [VRFC 10-311] analyzing module MulAddRecFNToRaw_postMul_1
INFO: [VRFC 10-311] analyzing module RoundAnyRawFNToRecFN_3
INFO: [VRFC 10-311] analyzing module RoundRawFNToRecFN_1
INFO: [VRFC 10-311] analyzing module MulAddRecFNPipe_1
INFO: [VRFC 10-311] analyzing module FPUFMAPipe_1
INFO: [VRFC 10-311] analyzing module CompareRecFN
INFO: [VRFC 10-311] analyzing module RecFNToIN
INFO: [VRFC 10-311] analyzing module RecFNToIN_1
INFO: [VRFC 10-311] analyzing module FPToInt
INFO: [VRFC 10-311] analyzing module RoundAnyRawFNToRecFN_4
INFO: [VRFC 10-311] analyzing module RecFNToRecFN
INFO: [VRFC 10-311] analyzing module FPToFP
INFO: [VRFC 10-311] analyzing module FPU
INFO: [VRFC 10-311] analyzing module FPUUnit
INFO: [VRFC 10-311] analyzing module UOPCodeFDivDecoder
INFO: [VRFC 10-311] analyzing module RoundAnyRawFNToRecFN_5
INFO: [VRFC 10-311] analyzing module RecFNToRecFN_1
INFO: [VRFC 10-311] analyzing module DivSqrtRecF64ToRaw_mulAddZ31
INFO: [VRFC 10-311] analyzing module RoundAnyRawFNToRecFN_7
INFO: [VRFC 10-311] analyzing module RoundRawFNToRecFN_2
INFO: [VRFC 10-311] analyzing module DivSqrtRecF64_mulAddZ31
INFO: [VRFC 10-311] analyzing module Mul54
INFO: [VRFC 10-311] analyzing module DivSqrtRecF64
INFO: [VRFC 10-311] analyzing module FDivSqrtUnit
INFO: [VRFC 10-311] analyzing module BranchKillableQueue_4
INFO: [VRFC 10-311] analyzing module BranchKillableQueue_5
INFO: [VRFC 10-311] analyzing module Arbiter_16
INFO: [VRFC 10-311] analyzing module FPUExeUnit
INFO: [VRFC 10-311] analyzing module IssueSlot
INFO: [VRFC 10-311] analyzing module IssueUnitCollapsing
INFO: [VRFC 10-311] analyzing module RegisterFileSynthesizable
INFO: [VRFC 10-311] analyzing module RegisterReadDecode
INFO: [VRFC 10-311] analyzing module RegisterRead
INFO: [VRFC 10-311] analyzing module FpPipeline
INFO: [VRFC 10-311] analyzing module DecodeUnit
INFO: [VRFC 10-311] analyzing module BranchMaskGenerationLogic
INFO: [VRFC 10-311] analyzing module RenameMapTable
INFO: [VRFC 10-311] analyzing module RenameFreeList
INFO: [VRFC 10-311] analyzing module RenameBusyTable
INFO: [VRFC 10-311] analyzing module RenameStage
INFO: [VRFC 10-311] analyzing module RenameMapTable_1
INFO: [VRFC 10-311] analyzing module RenameFreeList_1
INFO: [VRFC 10-311] analyzing module RenameBusyTable_1
INFO: [VRFC 10-311] analyzing module RenameStage_1
INFO: [VRFC 10-311] analyzing module IssueSlot_16
INFO: [VRFC 10-311] analyzing module IssueUnitCollapsing_1
INFO: [VRFC 10-311] analyzing module IssueUnitCollapsing_2
INFO: [VRFC 10-311] analyzing module BasicDispatcher
INFO: [VRFC 10-311] analyzing module RegisterFileSynthesizable_1
INFO: [VRFC 10-311] analyzing module Arbiter_18
INFO: [VRFC 10-311] analyzing module RegisterReadDecode_1
INFO: [VRFC 10-311] analyzing module RegisterReadDecode_2
INFO: [VRFC 10-311] analyzing module RegisterReadDecode_3
INFO: [VRFC 10-311] analyzing module RegisterRead_1
INFO: [VRFC 10-311] analyzing module Rob
INFO: [VRFC 10-311] analyzing module CSRFile
INFO: [VRFC 10-311] analyzing module Arbiter_19
INFO: [VRFC 10-311] analyzing module BoomCore
INFO: [VRFC 10-311] analyzing module OptimizationBarrier_14
INFO: [VRFC 10-311] analyzing module OptimizationBarrier_22
INFO: [VRFC 10-311] analyzing module NBDTLB
INFO: [VRFC 10-311] analyzing module ForwardingAgeLogic
INFO: [VRFC 10-311] analyzing module LSU
INFO: [VRFC 10-311] analyzing module Arbiter_20
INFO: [VRFC 10-311] analyzing module OptimizationBarrier_35
INFO: [VRFC 10-311] analyzing module OptimizationBarrier_36
INFO: [VRFC 10-311] analyzing module PTW
INFO: [VRFC 10-311] analyzing module HellaCacheArbiter
INFO: [VRFC 10-311] analyzing module BoomTile
INFO: [VRFC 10-311] analyzing module Queue_92
INFO: [VRFC 10-311] analyzing module Queue_93
INFO: [VRFC 10-311] analyzing module Queue_94
INFO: [VRFC 10-311] analyzing module Queue_95
INFO: [VRFC 10-311] analyzing module TLBuffer_13
INFO: [VRFC 10-311] analyzing module SynchronizerShiftReg_w1_d3
INFO: [VRFC 10-311] analyzing module IntSyncAsyncCrossingSink_1
INFO: [VRFC 10-311] analyzing module IntSyncSyncCrossingSink
INFO: [VRFC 10-311] analyzing module IntSyncSyncCrossingSink_1
INFO: [VRFC 10-311] analyzing module AsyncResetRegVec_w1_i0
INFO: [VRFC 10-311] analyzing module IntSyncCrossingSource_1
INFO: [VRFC 10-311] analyzing module TilePRCIDomain
INFO: [VRFC 10-311] analyzing module LevelGateway
INFO: [VRFC 10-311] analyzing module PLICFanIn
INFO: [VRFC 10-311] analyzing module Queue_97
INFO: [VRFC 10-311] analyzing module TLPLIC
INFO: [VRFC 10-311] analyzing module ClockSinkDomain
INFO: [VRFC 10-311] analyzing module CLINT
INFO: [VRFC 10-311] analyzing module BundleBridgeNexus_15
INFO: [VRFC 10-311] analyzing module TLXbar_10
INFO: [VRFC 10-311] analyzing module DMIToTL
INFO: [VRFC 10-311] analyzing module TLDebugModuleOuter
INFO: [VRFC 10-311] analyzing module IntSyncCrossingSource_4
INFO: [VRFC 10-311] analyzing module TLBusBypassBar
INFO: [VRFC 10-311] analyzing module TLError_1
INFO: [VRFC 10-311] analyzing module TLBusBypass
INFO: [VRFC 10-311] analyzing module AsyncResetSynchronizerPrimitiveShiftReg_d3_i0
INFO: [VRFC 10-311] analyzing module AsyncResetSynchronizerShiftReg_w1_d3_i0
INFO: [VRFC 10-311] analyzing module AsyncResetSynchronizerShiftReg_w1_d3_i0_1
INFO: [VRFC 10-311] analyzing module AsyncValidSync
INFO: [VRFC 10-311] analyzing module AsyncQueueSource
INFO: [VRFC 10-311] analyzing module ClockCrossingReg_w43
INFO: [VRFC 10-311] analyzing module AsyncQueueSink
INFO: [VRFC 10-311] analyzing module TLAsyncCrossingSource
INFO: [VRFC 10-311] analyzing module AsyncQueueSource_1
INFO: [VRFC 10-311] analyzing module TLDebugModuleOuterAsync
INFO: [VRFC 10-311] analyzing module Queue_98
INFO: [VRFC 10-311] analyzing module SBToTL
INFO: [VRFC 10-311] analyzing module TLDebugModuleInner
INFO: [VRFC 10-311] analyzing module ClockCrossingReg_w55
INFO: [VRFC 10-311] analyzing module AsyncQueueSink_1
INFO: [VRFC 10-311] analyzing module AsyncQueueSource_2
INFO: [VRFC 10-311] analyzing module TLAsyncCrossingSink
INFO: [VRFC 10-311] analyzing module ClockCrossingReg_w15
INFO: [VRFC 10-311] analyzing module AsyncQueueSink_2
INFO: [VRFC 10-311] analyzing module TLDebugModuleInnerAsync
INFO: [VRFC 10-311] analyzing module TLDebugModule
INFO: [VRFC 10-311] analyzing module AsyncResetRegVec_w2_i0
INFO: [VRFC 10-311] analyzing module IntSyncCrossingSource_5
INFO: [VRFC 10-311] analyzing module AsyncResetRegVec_w8_i0
INFO: [VRFC 10-311] analyzing module IntSyncCrossingSource_8
INFO: [VRFC 10-311] analyzing module TLROM
INFO: [VRFC 10-311] analyzing module ClockSinkDomain_1
INFO: [VRFC 10-311] analyzing module RocketSystem
INFO: [VRFC 10-2263] Analyzing Verilog file "/home/jzmoolman/src/_-github/vivado-risc-v/workspace/tb/rocket_tb.v" into library xil_defaultlib
INFO: [VRFC 10-311] analyzing module rocket_tb
INFO: [VRFC 10-2263] Analyzing Verilog file "/home/jzmoolman/src/_-github/vivado-risc-v/workspace/rocket64x1/vivado-genesys2-riscv-tb/genesys2-riscv-tb.sim/sim_1/behav/xsim/glbl.v" into library xil_defaultlib
INFO: [VRFC 10-311] analyzing module glbl
INFO: [VRFC 10-163] Analyzing VHDL file "/home/jzmoolman/src/_-github/vivado-risc-v/workspace/rocket64x1/rocket.vhdl" into library xil_defaultlib
INFO: [VRFC 10-3107] analyzing entity 'synchronizer'
INFO: [VRFC 10-3107] analyzing entity 'JtagSeries7'
INFO: [VRFC 10-3107] analyzing entity 'Rocket64x1'
